<?xml version="1.0" encoding="UTF-8"?>
<testng-results skipped="0" failed="0" ignored="0" total="1" passed="1">
  <reporter-output>
  </reporter-output>
  <suite name="Suite" duration-ms="73" started-at="2019-11-08T14:49:43Z" finished-at="2019-11-08T14:49:43Z">
    <groups>
    </groups>
    <test name="Test" duration-ms="73" started-at="2019-11-08T14:49:43Z" finished-at="2019-11-08T14:49:43Z">
      <class name="FirstTC">
        <test-method status="PASS" signature="firsttestMethod1()[pri:0, instance:FirstTC@5c7fa833]" name="firsttestMethod1" duration-ms="19" started-at="2019-11-08T14:49:43Z" finished-at="2019-11-08T14:49:43Z">
          <reporter-output>
          </reporter-output>
        </test-method> <!-- firsttestMethod1 -->
      </class> <!-- FirstTC -->
    </test> <!-- Test -->
  </suite> <!-- Suite -->
</testng-results>
